<?xml version="1.0" encoding="UTF-8"?>
<!-- Generated by org.testng.reporters.JUnitReportReporter -->
<testsuite hostname="DESKTOP-8QBRFRF" failures="0" tests="2" name="qaclickacademy.Maven_Java.RestApiTest" time="0.001" errors="0" timestamp="23 Sep 2020 04:02:38 GMT">
  <testcase classname="qaclickacademy.Maven_Java.RestApiTest" name="deletetwitter" time="0.001"/>
  <testcase classname="qaclickacademy.Maven_Java.RestApiTest" name="postJira" time="0.000"/>
</testsuite> <!-- qaclickacademy.Maven_Java.RestApiTest -->
