<?xml version="1.0" encoding="UTF-8"?>
<!-- Generated by org.testng.reporters.JUnitReportReporter -->
<testsuite hostname="DESKTOP-8QBRFRF" failures="0" tests="2" name="qaclickacademy.Maven_Java.AppiumTest" time="0.005" errors="0" timestamp="23 Sep 2020 04:02:38 GMT">
  <testcase classname="qaclickacademy.Maven_Java.AppiumTest" name="nativeandroidapp" time="0.000"/>
  <testcase classname="qaclickacademy.Maven_Java.AppiumTest" name="IOSapps" time="0.005"/>
</testsuite> <!-- qaclickacademy.Maven_Java.AppiumTest -->
